<?xml version="1.0" encoding="UTF-8"?>
<testng-results ignored="0" total="1" passed="1" failed="0" skipped="0">
  <reporter-output>
  </reporter-output>
  <suite started-at="2025-08-26T10:05:58 IST" name="test" finished-at="2025-08-26T10:06:02 IST" duration-ms="4541">
    <groups>
    </groups>
    <test started-at="2025-08-26T10:05:58 IST" name="test" finished-at="2025-08-26T10:06:02 IST" duration-ms="4541">
      <class name="jenkinsTest.NewTest">
        <test-method signature="f()[pri:0, instance:jenkinsTest.NewTest@2a693f59]" started-at="2025-08-26T10:05:58 IST" name="f" finished-at="2025-08-26T10:06:02 IST" duration-ms="4476" status="PASS">
          <reporter-output>
          </reporter-output>
        </test-method> <!-- f -->
      </class> <!-- jenkinsTest.NewTest -->
    </test> <!-- test -->
  </suite> <!-- test -->
</testng-results>
