<?xml version="1.0" encoding="UTF-8"?>
<testng-results ignored="0" total="2" passed="2" failed="0" skipped="0">
  <reporter-output>
  </reporter-output>
  <suite started-at="2025-08-23T16:03:56 IST" name="Default suite" finished-at="2025-08-23T16:03:58 IST" duration-ms="2449">
    <groups>
    </groups>
    <test started-at="2025-08-23T16:03:56 IST" name="Default test" finished-at="2025-08-23T16:03:58 IST" duration-ms="2449">
      <class name="project.HospitalManagementTest">
        <test-method signature="testInvalidLoginWithMockDB()[pri:0, instance:project.HospitalManagementTest@d86a6f]" started-at="2025-08-23T16:03:56 IST" name="testInvalidLoginWithMockDB" finished-at="2025-08-23T16:03:58 IST" duration-ms="2354" status="PASS">
          <reporter-output>
          </reporter-output>
        </test-method> <!-- testInvalidLoginWithMockDB -->
        <test-method signature="testValidLoginWithMockDB()[pri:0, instance:project.HospitalManagementTest@d86a6f]" started-at="2025-08-23T16:03:58 IST" name="testValidLoginWithMockDB" finished-at="2025-08-23T16:03:58 IST" duration-ms="31" status="PASS">
          <reporter-output>
          </reporter-output>
        </test-method> <!-- testValidLoginWithMockDB -->
      </class> <!-- project.HospitalManagementTest -->
    </test> <!-- Default test -->
  </suite> <!-- Default suite -->
</testng-results>
