<?xml version="1.0" encoding="UTF-8"?>
<testng-results ignored="9" total="10" passed="0" failed="1" skipped="0">
  <reporter-output>
  </reporter-output>
  <suite started-at="2025-08-21T16:21:25 IST" name="Default suite" finished-at="2025-08-21T16:21:42 IST" duration-ms="16620">
    <groups>
    </groups>
    <test started-at="2025-08-21T16:21:25 IST" name="Default test" finished-at="2025-08-21T16:21:42 IST" duration-ms="16620">
      <class name="testng_package.Ebay_Assignment">
        <test-method is-config="true" signature="setUp()[pri:0, instance:testng_package.Ebay_Assignment@2254127a]" started-at="2025-08-21T16:21:25 IST" name="setUp" finished-at="2025-08-21T16:21:41 IST" duration-ms="15575" status="PASS">
          <reporter-output>
          </reporter-output>
        </test-method> <!-- setUp -->
        <test-method signature="changeAddressTest()[pri:6, instance:testng_package.Ebay_Assignment@2254127a]" started-at="2025-08-21T16:21:41 IST" name="changeAddressTest" finished-at="2025-08-21T16:21:41 IST" duration-ms="125" status="FAIL">
          <exception class="org.openqa.selenium.NoSuchElementException">
            <message>
              <![CDATA[no such element: Unable to locate element: {"method":"link text","selector":"Addresses"}
  (Session info: chrome=139.0.7258.138)
For documentation on this error, please visit: https://www.selenium.dev/documentation/webdriver/troubleshooting/errors#no-such-element-exception
Build info: version: '4.34.0', revision: '2a4c61c498'
System info: os.name: 'Windows 11', os.arch: 'amd64', os.version: '10.0', java.version: '22.0.1'
Driver info: org.openqa.selenium.chrome.ChromeDriver
Command: [edd74c750fa5265f35467e8f6edc4524, findElement {value=Addresses, using=link text}]
Capabilities {acceptInsecureCerts: false, browserName: chrome, browserVersion: 139.0.7258.138, chrome: {chromedriverVersion: 139.0.7258.138 (884e54ea8d4..., userDataDir: C:\Users\praga\AppData\Loca...}, fedcm:accounts: true, goog:chromeOptions: {debuggerAddress: localhost:56115}, networkConnectionEnabled: false, pageLoadStrategy: normal, platformName: windows, proxy: Proxy(), se:cdp: ws://localhost:56115/devtoo..., se:cdpVersion: 139.0.7258.138, setWindowRect: true, strictFileInteractability: false, timeouts: {implicit: 0, pageLoad: 300000, script: 30000}, unhandledPromptBehavior: dismiss and notify, webauthn:extension:credBlob: true, webauthn:extension:largeBlob: true, webauthn:extension:minPinLength: true, webauthn:extension:prf: true, webauthn:virtualAuthenticators: true}
Session ID: edd74c750fa5265f35467e8f6edc4524]]>
            </message>
            <full-stacktrace>
              <![CDATA[org.openqa.selenium.NoSuchElementException: no such element: Unable to locate element: {"method":"link text","selector":"Addresses"}
  (Session info: chrome=139.0.7258.138)
For documentation on this error, please visit: https://www.selenium.dev/documentation/webdriver/troubleshooting/errors#no-such-element-exception
Build info: version: '4.34.0', revision: '2a4c61c498'
System info: os.name: 'Windows 11', os.arch: 'amd64', os.version: '10.0', java.version: '22.0.1'
Driver info: org.openqa.selenium.chrome.ChromeDriver
Command: [edd74c750fa5265f35467e8f6edc4524, findElement {value=Addresses, using=link text}]
Capabilities {acceptInsecureCerts: false, browserName: chrome, browserVersion: 139.0.7258.138, chrome: {chromedriverVersion: 139.0.7258.138 (884e54ea8d4..., userDataDir: C:\Users\praga\AppData\Loca...}, fedcm:accounts: true, goog:chromeOptions: {debuggerAddress: localhost:56115}, networkConnectionEnabled: false, pageLoadStrategy: normal, platformName: windows, proxy: Proxy(), se:cdp: ws://localhost:56115/devtoo..., se:cdpVersion: 139.0.7258.138, setWindowRect: true, strictFileInteractability: false, timeouts: {implicit: 0, pageLoad: 300000, script: 30000}, unhandledPromptBehavior: dismiss and notify, webauthn:extension:credBlob: true, webauthn:extension:largeBlob: true, webauthn:extension:minPinLength: true, webauthn:extension:prf: true, webauthn:virtualAuthenticators: true}
Session ID: edd74c750fa5265f35467e8f6edc4524
at java.base/jdk.internal.reflect.DirectConstructorHandleAccessor.newInstance(DirectConstructorHandleAccessor.java:62)
at java.base/java.lang.reflect.Constructor.newInstanceWithCaller(Constructor.java:502)
at java.base/java.lang.reflect.Constructor.newInstance(Constructor.java:486)
at org.openqa.selenium.remote.ErrorCodec.decode(ErrorCodec.java:167)
at org.openqa.selenium.remote.codec.w3c.W3CHttpResponseCodec.decode(W3CHttpResponseCodec.java:138)
at org.openqa.selenium.remote.codec.w3c.W3CHttpResponseCodec.decode(W3CHttpResponseCodec.java:50)
at org.openqa.selenium.remote.HttpCommandExecutor.execute(HttpCommandExecutor.java:215)
at org.openqa.selenium.remote.service.DriverCommandExecutor.invokeExecute(DriverCommandExecutor.java:216)
at org.openqa.selenium.remote.service.DriverCommandExecutor.execute(DriverCommandExecutor.java:174)
at org.openqa.selenium.remote.RemoteWebDriver.execute(RemoteWebDriver.java:544)
at org.openqa.selenium.remote.ElementLocation$ElementFinder$2.findElement(ElementLocation.java:165)
at org.openqa.selenium.remote.ElementLocation.findElement(ElementLocation.java:59)
at org.openqa.selenium.remote.RemoteWebDriver.findElement(RemoteWebDriver.java:367)
at org.openqa.selenium.remote.RemoteWebDriver.findElement(RemoteWebDriver.java:361)
at testng_package.Ebay_Assignment.changeAddressTest(Ebay_Assignment.java:139)
at java.base/jdk.internal.reflect.DirectMethodHandleAccessor.invoke(DirectMethodHandleAccessor.java:103)
at java.base/java.lang.reflect.Method.invoke(Method.java:580)
at org.testng.internal.invokers.MethodInvocationHelper.invokeMethod(MethodInvocationHelper.java:141)
at org.testng.internal.invokers.TestInvoker.invokeMethod(TestInvoker.java:687)
at org.testng.internal.invokers.TestInvoker.invokeTestMethod(TestInvoker.java:230)
at org.testng.internal.invokers.MethodRunner.runInSequence(MethodRunner.java:63)
at org.testng.internal.invokers.TestInvoker$MethodInvocationAgent.invoke(TestInvoker.java:995)
at org.testng.internal.invokers.TestInvoker.invokeTestMethods(TestInvoker.java:203)
at org.testng.internal.invokers.TestMethodWorker.invokeTestMethods(TestMethodWorker.java:154)
at org.testng.internal.invokers.TestMethodWorker.run(TestMethodWorker.java:134)
at java.base/java.util.ArrayList.forEach(ArrayList.java:1597)
at org.testng.TestRunner.privateRun(TestRunner.java:741)
at org.testng.TestRunner.run(TestRunner.java:616)
at org.testng.SuiteRunner.runTest(SuiteRunner.java:421)
at org.testng.SuiteRunner.runSequentially(SuiteRunner.java:413)
at org.testng.SuiteRunner.privateRun(SuiteRunner.java:373)
at org.testng.SuiteRunner.run(SuiteRunner.java:312)
at org.testng.SuiteRunnerWorker.runSuite(SuiteRunnerWorker.java:52)
at org.testng.SuiteRunnerWorker.run(SuiteRunnerWorker.java:95)
at org.testng.TestNG.runSuitesSequentially(TestNG.java:1274)
at org.testng.TestNG.runSuitesLocally(TestNG.java:1208)
at org.testng.TestNG.runSuites(TestNG.java:1112)
at org.testng.TestNG.run(TestNG.java:1079)
at org.testng.remote.AbstractRemoteTestNG.run(AbstractRemoteTestNG.java:115)
at org.testng.remote.RemoteTestNG.initAndRun(RemoteTestNG.java:293)
at org.testng.remote.RemoteTestNG.main(RemoteTestNG.java:91)
]]>
            </full-stacktrace>
          </exception> <!-- org.openqa.selenium.NoSuchElementException -->
          <reporter-output>
          </reporter-output>
        </test-method> <!-- changeAddressTest -->
        <test-method is-config="true" signature="postConditionAddToCart()[pri:0, instance:testng_package.Ebay_Assignment@2254127a]" started-at="2025-08-21T16:21:41 IST" name="postConditionAddToCart" finished-at="2025-08-21T16:21:41 IST" duration-ms="2" status="PASS">
          <reporter-output>
          </reporter-output>
        </test-method> <!-- postConditionAddToCart -->
        <test-method is-config="true" signature="postConditionAllCategories()[pri:0, instance:testng_package.Ebay_Assignment@2254127a]" started-at="2025-08-21T16:21:41 IST" name="postConditionAllCategories" finished-at="2025-08-21T16:21:41 IST" duration-ms="1" status="PASS">
          <reporter-output>
          </reporter-output>
        </test-method> <!-- postConditionAllCategories -->
        <test-method is-config="true" signature="postConditionCategories()[pri:0, instance:testng_package.Ebay_Assignment@2254127a]" started-at="2025-08-21T16:21:41 IST" name="postConditionCategories" finished-at="2025-08-21T16:21:41 IST" duration-ms="1" status="PASS">
          <reporter-output>
          </reporter-output>
        </test-method> <!-- postConditionCategories -->
        <test-method is-config="true" signature="postConditionChangeAddress()[pri:0, instance:testng_package.Ebay_Assignment@2254127a]" started-at="2025-08-21T16:21:41 IST" name="postConditionChangeAddress" finished-at="2025-08-21T16:21:41 IST" duration-ms="0" status="PASS">
          <reporter-output>
          </reporter-output>
        </test-method> <!-- postConditionChangeAddress -->
        <test-method is-config="true" signature="postConditionChangeLanguage()[pri:0, instance:testng_package.Ebay_Assignment@2254127a]" started-at="2025-08-21T16:21:41 IST" name="postConditionChangeLanguage" finished-at="2025-08-21T16:21:41 IST" duration-ms="2" status="PASS">
          <reporter-output>
          </reporter-output>
        </test-method> <!-- postConditionChangeLanguage -->
        <test-method is-config="true" signature="postConditionChangeName()[pri:0, instance:testng_package.Ebay_Assignment@2254127a]" started-at="2025-08-21T16:21:41 IST" name="postConditionChangeName" finished-at="2025-08-21T16:21:41 IST" duration-ms="1" status="PASS">
          <reporter-output>
          </reporter-output>
        </test-method> <!-- postConditionChangeName -->
        <test-method is-config="true" signature="postConditionDeleteCart()[pri:0, instance:testng_package.Ebay_Assignment@2254127a]" started-at="2025-08-21T16:21:41 IST" name="postConditionDeleteCart" finished-at="2025-08-21T16:21:41 IST" duration-ms="2" status="PASS">
          <reporter-output>
          </reporter-output>
        </test-method> <!-- postConditionDeleteCart -->
        <test-method is-config="true" signature="postConditionLogin()[pri:0, instance:testng_package.Ebay_Assignment@2254127a]" started-at="2025-08-21T16:21:41 IST" name="postConditionLogin" finished-at="2025-08-21T16:21:41 IST" duration-ms="1" status="PASS">
          <reporter-output>
          </reporter-output>
        </test-method> <!-- postConditionLogin -->
        <test-method is-config="true" signature="postConditionMultipleSearch()[pri:0, instance:testng_package.Ebay_Assignment@2254127a]" started-at="2025-08-21T16:21:41 IST" name="postConditionMultipleSearch" finished-at="2025-08-21T16:21:41 IST" duration-ms="1" status="PASS">
          <reporter-output>
          </reporter-output>
        </test-method> <!-- postConditionMultipleSearch -->
        <test-method is-config="true" signature="postConditionRightClickDescription()[pri:0, instance:testng_package.Ebay_Assignment@2254127a]" started-at="2025-08-21T16:21:41 IST" name="postConditionRightClickDescription" finished-at="2025-08-21T16:21:41 IST" duration-ms="0" status="PASS">
          <reporter-output>
          </reporter-output>
        </test-method> <!-- postConditionRightClickDescription -->
        <test-method is-config="true" signature="afterTest()[pri:0, instance:testng_package.Ebay_Assignment@2254127a]" started-at="2025-08-21T16:21:41 IST" name="afterTest" finished-at="2025-08-21T16:21:42 IST" duration-ms="793" status="PASS">
          <reporter-output>
          </reporter-output>
        </test-method> <!-- afterTest -->
      </class> <!-- testng_package.Ebay_Assignment -->
    </test> <!-- Default test -->
  </suite> <!-- Default suite -->
</testng-results>
